<?xml version="1.0" encoding="utf-8"?>
<test-run id="2" name="readonly-bytes.dll" fullname="/Users/ilyaivanov/Downloads/readonly-bytes/bin/Debug/net6.0/readonly-bytes.dll" testcasecount="14" result="Passed" start-time="2025-04-01T04:22:38.7079500Z" end-time="2025-04-01T04:22:39.1655290Z" duration="0.457371" total="14" passed="14" failed="0" inconclusive="0" skipped="0" warnings="0" asserts="100035" random-seed="1685686651">
  <command-line><![CDATA[/Users/ilyaivanov/Downloads/readonly-bytes/bin/Debug/net6.0/readonly-bytes.dll]]></command-line>
  <filter />
  <test-suite type="Assembly" id="1016" name="readonly-bytes.dll" fullname="/Users/ilyaivanov/Downloads/readonly-bytes/bin/Debug/net6.0/readonly-bytes.dll" runstate="Runnable" testcasecount="14" result="Passed" start-time="2025-04-01T04:22:38.7079500Z" end-time="2025-04-01T04:22:39.1655290Z" duration="0.457371" total="14" passed="14" failed="0" warnings="0" inconclusive="0" skipped="0" asserts="100035">
    <environment framework-version="3.13.3.0" clr-version="6.0.36" os-version="Darwin 21.6.0 Darwin Kernel Version 21.6.0: Mon Jun 24 00:56:10 PDT 2024; root:xnu-8020.240.18.709.2~1/RELEASE_X86_64" platform="Unix" cwd="/Users/ilyaivanov/Downloads/readonly-bytes/bin/Debug/net6.0" machine-name="MacBook-Air-Ilya" user="ilyaivanov" user-domain="MacBook-Air-Ilya" culture="ru-RU" uiculture="ru-RU" os-architecture="x64" />
    <settings>
      <setting name="WorkDirectory" value="/Users/ilyaivanov/Downloads/readonly-bytes/bin/Debug/net6.0" />
      <setting name="NumberOfTestWorkers" value="4" />
    </settings>
    <properties>
      <property name="_PID" value="1383" />
      <property name="_APPDOMAIN" value="readonly-bytes" />
    </properties>
    <test-suite type="TestSuite" id="1017" name="hashes" fullname="hashes" runstate="Runnable" testcasecount="14" result="Passed" start-time="2025-04-01T04:22:38.7244370Z" end-time="2025-04-01T04:22:39.1655000Z" duration="0.441061" total="14" passed="14" failed="0" warnings="0" inconclusive="0" skipped="0" asserts="100035">
      <test-suite type="TestFixture" id="1000" name="ReadonlyBytesTests" fullname="hashes.ReadonlyBytesTests" classname="hashes.ReadonlyBytesTests" runstate="Runnable" testcasecount="14" result="Passed" start-time="2025-04-01T04:22:38.7288580Z" end-time="2025-04-01T04:22:39.1654260Z" duration="0.436567" total="14" passed="14" failed="0" warnings="0" inconclusive="0" skipped="0" asserts="100035">
        <test-case id="1001" name="Creation" fullname="hashes.ReadonlyBytesTests.Creation" methodname="Creation" classname="hashes.ReadonlyBytesTests" runstate="Runnable" seed="1918602609" result="Passed" start-time="2025-04-01T04:22:38.7351980Z" end-time="2025-04-01T04:22:38.7445340Z" duration="0.009567" asserts="0" />
        <test-case id="1002" name="CreationException" fullname="hashes.ReadonlyBytesTests.CreationException" methodname="CreationException" classname="hashes.ReadonlyBytesTests" runstate="Runnable" seed="831883871" result="Passed" start-time="2025-04-01T04:22:38.7501000Z" end-time="2025-04-01T04:22:38.7768110Z" duration="0.026711" asserts="1" />
        <test-case id="1006" name="Enumeration" fullname="hashes.ReadonlyBytesTests.Enumeration" methodname="Enumeration" classname="hashes.ReadonlyBytesTests" runstate="Runnable" seed="241430178" result="Passed" start-time="2025-04-01T04:22:38.7769070Z" end-time="2025-04-01T04:22:38.8017120Z" duration="0.024805" asserts="1" />
        <test-case id="1007" name="EqualOnSameBytes" fullname="hashes.ReadonlyBytesTests.EqualOnSameBytes" methodname="EqualOnSameBytes" classname="hashes.ReadonlyBytesTests" runstate="Runnable" seed="1441759959" result="Passed" start-time="2025-04-01T04:22:38.8017540Z" end-time="2025-04-01T04:22:38.8037990Z" duration="0.002046" asserts="4" />
        <test-case id="1013" name="HashCode" fullname="hashes.ReadonlyBytesTests.HashCode" methodname="HashCode" classname="hashes.ReadonlyBytesTests" runstate="Runnable" seed="1099278729" result="Passed" start-time="2025-04-01T04:22:38.8038420Z" end-time="2025-04-01T04:22:38.8146470Z" duration="0.010805" asserts="8" />
        <test-case id="1004" name="Indexer" fullname="hashes.ReadonlyBytesTests.Indexer" methodname="Indexer" classname="hashes.ReadonlyBytesTests" runstate="Runnable" seed="365475826" result="Passed" start-time="2025-04-01T04:22:38.8147060Z" end-time="2025-04-01T04:22:38.8150530Z" duration="0.000346" asserts="3" />
        <test-case id="1005" name="IndexOutOfRangeException" fullname="hashes.ReadonlyBytesTests.IndexOutOfRangeException" methodname="IndexOutOfRangeException" classname="hashes.ReadonlyBytesTests" runstate="Runnable" seed="32691625" result="Passed" start-time="2025-04-01T04:22:38.8150810Z" end-time="2025-04-01T04:22:38.8157940Z" duration="0.000714" asserts="1" />
        <test-case id="1003" name="Length" fullname="hashes.ReadonlyBytesTests.Length" methodname="Length" classname="hashes.ReadonlyBytesTests" runstate="Runnable" seed="1391728345" result="Passed" start-time="2025-04-01T04:22:38.8158250Z" end-time="2025-04-01T04:22:38.8161110Z" duration="0.000286" asserts="1" />
        <test-case id="1015" name="MassiveCallToGetHashCodeOfLargeBytesArray" fullname="hashes.ReadonlyBytesTests.MassiveCallToGetHashCodeOfLargeBytesArray" methodname="MassiveCallToGetHashCodeOfLargeBytesArray" classname="hashes.ReadonlyBytesTests" runstate="Runnable" seed="1551563583" result="Passed" start-time="2025-04-01T04:22:38.8161370Z" end-time="2025-04-01T04:22:39.1423470Z" duration="0.326211" asserts="100000" />
        <test-case id="1008" name="NotEqualIfBytesDiffer" fullname="hashes.ReadonlyBytesTests.NotEqualIfBytesDiffer" methodname="NotEqualIfBytesDiffer" classname="hashes.ReadonlyBytesTests" runstate="Runnable" seed="1242686406" result="Passed" start-time="2025-04-01T04:22:39.1424380Z" end-time="2025-04-01T04:22:39.1447920Z" duration="0.002354" asserts="4" />
        <test-suite type="ParameterizedMethod" id="1012" name="NotEqualWithOtherTypes" fullname="hashes.ReadonlyBytesTests.NotEqualWithOtherTypes" classname="hashes.ReadonlyBytesTests" runstate="Runnable" testcasecount="3" result="Passed" start-time="2025-04-01T04:22:39.1457520Z" end-time="2025-04-01T04:22:39.1576920Z" duration="0.011940" total="3" passed="3" failed="0" warnings="0" inconclusive="0" skipped="0" asserts="9">
          <test-case id="1009" name="NotEqualWithOtherTypes([])" fullname="hashes.ReadonlyBytesTests.NotEqualWithOtherTypes([])" methodname="NotEqualWithOtherTypes" classname="hashes.ReadonlyBytesTests" runstate="Runnable" seed="1922869071" result="Passed" start-time="2025-04-01T04:22:39.1492770Z" end-time="2025-04-01T04:22:39.1508660Z" duration="0.001589" asserts="3" />
          <test-case id="1010" name="NotEqualWithOtherTypes([1, 2, 4])" fullname="hashes.ReadonlyBytesTests.NotEqualWithOtherTypes([1, 2, 4])" methodname="NotEqualWithOtherTypes" classname="hashes.ReadonlyBytesTests" runstate="Runnable" seed="512795637" result="Passed" start-time="2025-04-01T04:22:39.1523350Z" end-time="2025-04-01T04:22:39.1523990Z" duration="0.000064" asserts="3" />
          <test-case id="1011" name="NotEqualWithOtherTypes([byte.MinValue])" fullname="hashes.ReadonlyBytesTests.NotEqualWithOtherTypes([byte.MinValue])" methodname="NotEqualWithOtherTypes" classname="hashes.ReadonlyBytesTests" runstate="Runnable" seed="698941341" result="Passed" start-time="2025-04-01T04:22:39.1529090Z" end-time="2025-04-01T04:22:39.1529580Z" duration="0.000049" asserts="3" />
        </test-suite>
        <test-case id="1014" name="ToStringIsOverridden" fullname="hashes.ReadonlyBytesTests.ToStringIsOverridden" methodname="ToStringIsOverridden" classname="hashes.ReadonlyBytesTests" runstate="Runnable" seed="847222470" result="Passed" start-time="2025-04-01T04:22:39.1595240Z" end-time="2025-04-01T04:22:39.1649960Z" duration="0.005472" asserts="3" />
      </test-suite>
    </test-suite>
  </test-suite>
</test-run>